<?xml version="1.0" encoding="UTF-8"?>
<!-- Generated by org.testng.reporters.JUnitReportReporter -->
<testsuite hostname="ABCs-MacBook-Air.local" failures="0" tests="8" name="Runner.runner" time="20.016" errors="0" timestamp="2025-07-08T23:40:55 IST" skipped="0">
  <testcase classname="Runner.runner" name="runScenario" time="19.589"/>
  <testcase classname="Runner.runner" name="runScenario" time="0.055"/>
  <testcase classname="Runner.runner" name="runScenario" time="0.047"/>
  <testcase classname="Runner.runner" name="runScenario" time="0.134"/>
  <testcase classname="Runner.runner" name="runScenario" time="0.051"/>
  <testcase classname="Runner.runner" name="runScenario" time="0.042"/>
  <testcase classname="Runner.runner" name="runScenario" time="0.053"/>
  <testcase classname="Runner.runner" name="runScenario" time="0.045"/>
</testsuite> <!-- Runner.runner -->
