<?xml version="1.0" encoding="UTF-8"?>
<!-- Generated by org.testng.reporters.JUnitReportReporter -->
<testsuite hostname="ABCs-MacBook-Air.local" failures="0" tests="8" name="Runner.runner" time="39.149" errors="0" timestamp="2025-07-09T12:29:55 IST" skipped="0">
  <testcase classname="Runner.runner" name="runScenario" time="0.075"/>
  <testcase classname="Runner.runner" name="runScenario" time="0.032"/>
  <testcase classname="Runner.runner" name="runScenario" time="0.053"/>
  <testcase classname="Runner.runner" name="runScenario" time="0.054"/>
  <testcase classname="Runner.runner" name="runScenario" time="38.746"/>
  <testcase classname="Runner.runner" name="runScenario" time="0.045"/>
  <testcase classname="Runner.runner" name="runScenario" time="0.063"/>
  <testcase classname="Runner.runner" name="runScenario" time="0.081"/>
</testsuite> <!-- Runner.runner -->
